<?xml version="1.0" encoding="UTF-8"?>
<testng-results ignored="0" total="1" passed="1" failed="0" skipped="0">
  <reporter-output>
  </reporter-output>
  <suite started-at="2020-06-22T20:20:45 CDT" name="Default suite" finished-at="2020-06-22T20:21:29 CDT" duration-ms="43767">
    <groups>
    </groups>
    <test started-at="2020-06-22T20:20:45 CDT" name="Default test" finished-at="2020-06-22T20:21:29 CDT" duration-ms="43767">
      <class name="test.TestSuite1">
        <test-method signature="negativeLogin()[pri:0, instance:test.TestSuite1@7ff95560]" started-at="2020-06-22T20:20:45 CDT" name="negativeLogin" finished-at="2020-06-22T20:21:29 CDT" duration-ms="43682" status="PASS">
          <reporter-output>
          </reporter-output>
        </test-method> <!-- negativeLogin -->
      </class> <!-- test.TestSuite1 -->
    </test> <!-- Default test -->
  </suite> <!-- Default suite -->
</testng-results>
